2023-01-05 09:54:57.929  INFO 2596 --- [main] c.n.m.e.MicroserviceExemploApplicationKt : Starting MicroserviceExemploApplicationKt using Java 17.0.5 on DESKTOP-SIBPC7V with PID 2596 (E:\Mauricio\Documentos\GitHub\spring-boot-kotlin-exemplo-main\estado-kotlin\target\classes started by User in E:\Mauricio\Documentos\GitHub\spring-boot-kotlin-exemplo-main\estado-kotlin)
2023-01-05 09:54:57.932  INFO 2596 --- [main] c.n.m.e.MicroserviceExemploApplicationKt : No active profile set, falling back to default profiles: default
2023-01-05 09:54:59.008  INFO 2596 --- [main] .s.d.r.c.RepositoryConfigurationDelegate : Bootstrapping Spring Data JPA repositories in DEFAULT mode.
2023-01-05 09:54:59.061  INFO 2596 --- [main] .s.d.r.c.RepositoryConfigurationDelegate : Finished Spring Data repository scanning in 46 ms. Found 1 JPA repository interfaces.
2023-01-05 09:54:59.212  INFO 2596 --- [main] o.s.cloud.context.scope.GenericScope     : BeanFactory id=52444deb-21ac-3794-8900-348058187510
2023-01-05 09:54:59.557  INFO 2596 --- [main] o.s.b.w.embedded.tomcat.TomcatWebServer  : Tomcat initialized with port(s): 8095 (http)
2023-01-05 09:54:59.565  INFO 2596 --- [main] o.apache.catalina.core.StandardService   : Starting service [Tomcat]
2023-01-05 09:54:59.565  INFO 2596 --- [main] org.apache.catalina.core.StandardEngine  : Starting Servlet engine: [Apache Tomcat/9.0.56]
2023-01-05 09:54:59.669  INFO 2596 --- [main] o.a.c.c.C.[Tomcat].[localhost].[/]       : Initializing Spring embedded WebApplicationContext
2023-01-05 09:54:59.670  INFO 2596 --- [main] w.s.c.ServletWebServerApplicationContext : Root WebApplicationContext: initialization completed in 1678 ms
2023-01-05 09:54:59.699  INFO 2596 --- [main] com.zaxxer.hikari.HikariDataSource       : HikariPool-1 - Starting...
2023-01-05 09:54:59.803  INFO 2596 --- [main] com.zaxxer.hikari.HikariDataSource       : HikariPool-1 - Start completed.
2023-01-05 09:54:59.812  INFO 2596 --- [main] o.s.b.a.h2.H2ConsoleAutoConfiguration    : H2 console available at '/h2-console'. Database available at 'jdbc:h2:mem:testdb'
2023-01-05 09:54:59.911  INFO 2596 --- [main] o.f.c.internal.license.VersionPrinter    : Flyway Community Edition 8.0.5 by Redgate
2023-01-05 09:54:59.912  INFO 2596 --- [main] o.f.c.i.database.base.BaseDatabaseType   : Database: jdbc:h2:mem:testdb (H2 1.4)
2023-01-05 09:54:59.969  INFO 2596 --- [main] o.f.core.internal.command.DbValidate     : Successfully validated 1 migration (execution time 00:00.020s)
2023-01-05 09:54:59.978  INFO 2596 --- [main] o.f.c.i.s.JdbcTableSchemaHistory         : Creating Schema History table "PUBLIC"."flyway_schema_history" ...
2023-01-05 09:55:00.018  INFO 2596 --- [main] o.f.core.internal.command.DbMigrate      : Current version of schema "PUBLIC": << Empty Schema >>
2023-01-05 09:55:00.024  INFO 2596 --- [main] o.f.core.internal.command.DbMigrate      : Migrating schema "PUBLIC" to version "1.0.0 - create schema"
2023-01-05 09:55:00.051  INFO 2596 --- [main] o.f.core.internal.command.DbMigrate      : Successfully applied 1 migration to schema "PUBLIC", now at version v1.0.0 (execution time 00:00.038s)
2023-01-05 09:55:00.099  INFO 2596 --- [main] o.hibernate.jpa.internal.util.LogHelper  : HHH000204: Processing PersistenceUnitInfo [name: default]
2023-01-05 09:55:00.136  INFO 2596 --- [main] org.hibernate.Version                    : HHH000412: Hibernate ORM core version 5.6.4.Final
2023-01-05 09:55:00.238  INFO 2596 --- [main] o.hibernate.annotations.common.Version   : HCANN000001: Hibernate Commons Annotations {5.1.2.Final}
2023-01-05 09:55:00.316  INFO 2596 --- [main] org.hibernate.dialect.Dialect            : HHH000400: Using dialect: org.hibernate.dialect.H2Dialect
2023-01-05 09:55:00.611  INFO 2596 --- [main] o.h.e.t.j.p.i.JtaPlatformInitiator       : HHH000490: Using JtaPlatform implementation: [org.hibernate.engine.transaction.jta.platform.internal.NoJtaPlatform]
2023-01-05 09:55:00.619  INFO 2596 --- [main] j.LocalContainerEntityManagerFactoryBean : Initialized JPA EntityManagerFactory for persistence unit 'default'
2023-01-05 09:55:01.142  WARN 2596 --- [main] JpaBaseConfiguration$JpaWebConfiguration : spring.jpa.open-in-view is enabled by default. Therefore, database queries may be performed during view rendering. Explicitly configure spring.jpa.open-in-view to disable this warning
2023-01-05 09:55:02.303  INFO 2596 --- [main] o.s.b.w.embedded.tomcat.TomcatWebServer  : Tomcat started on port(s): 8095 (http) with context path ''
2023-01-05 09:55:02.370  INFO 2596 --- [main] c.n.m.e.MicroserviceExemploApplicationKt : Started MicroserviceExemploApplicationKt in 4.877 seconds (JVM running for 5.621)
